This is XeTeX, Version 3.14159265-2.6-0.999991 (TeX Live 2019) (preloaded format=xelatex 2019.9.24)  29 SEP 2019 21:39
entering extended mode
 restricted \write18 enabled.
 file:line:error style messages enabled.
 %&-line parsing enabled.
**bitmetr.sty
(./bitmetr.sty
LaTeX2e <2018-12-01>
)
*
! Emergency stop.
<*> bitmetr.sty
               
End of file on the terminal!

 
Here is how much of TeX's memory you used:
 19 strings out of 492916
 153 string characters out of 6133345
 64431 words of memory out of 5000000
 4171 multiletter control sequences out of 15000+600000
 4252 words of font info for 16 fonts, out of 8000000 for 9000
 1348 hyphenation exceptions out of 8191
 4i,0n,1p,100b,8s stack positions out of 5000i,500n,10000p,200000b,80000s
No pages of output.
